<?xml version="1.0" encoding="UTF-8"?>
<!-- Generated by org.testng.reporters.JUnitReportReporter -->
<testsuite hostname="Saven-L-146" failures="0" tests="1" name="testCases.TC_Addclient_01" time="47.080" errors="0" timestamp="2025-09-01T15:56:15 IST" skipped="0">
  <testcase classname="testCases.TC_Addclient_01" name="createClients" time="47.080"/>
</testsuite> <!-- testCases.TC_Addclient_01 -->
