<?xml version="1.0" encoding="UTF-8"?>
<!-- Generated by org.testng.reporters.JUnitReportReporter -->
<testsuite hostname="Saven-L-146" failures="0" tests="1" name="testCases.TC_AddUser_01" time="38.021" errors="0" timestamp="2025-09-15T18:25:14 IST" skipped="0">
  <testcase classname="testCases.TC_AddUser_01" name="createUser" time="38.021"/>
</testsuite> <!-- testCases.TC_AddUser_01 -->
