<?xml version="1.0" encoding="UTF-8"?>
<!-- Generated by org.testng.reporters.JUnitReportReporter -->
<testsuite hostname="Saven-L-146" failures="0" tests="1" name="testCases.TC_Login_01" time="26.898" errors="0" timestamp="2025-09-01T16:07:51 IST" skipped="0">
  <testcase classname="testCases.TC_Login_01" name="Login" time="26.898"/>
</testsuite> <!-- testCases.TC_Login_01 -->
